<?xml version="1.0" encoding="UTF-8"?>
<testsuite name="taskmanager.TaskManagerTest" tests="2" skipped="0" failures="0" errors="0" timestamp="2025-07-03T15:09:08" hostname="acardogo-HP-EliteBook-840-G6" time="0.031">
  <properties/>
  <testcase name="testMarkTaskDone()" classname="taskmanager.TaskManagerTest" time="0.026"/>
  <testcase name="testAddTask()" classname="taskmanager.TaskManagerTest" time="0.003"/>
  <system-out><![CDATA[]]></system-out>
  <system-err><![CDATA[]]></system-err>
</testsuite>
